Copyright 1986-2018 Xilinx, Inc. All Rights Reserved.
----------------------------------------------------------------------------------------------------------------------------------------------------------------------
| Tool Version     : Vivado v.2018.2 (win64) Build 2258646 Thu Jun 14 20:03:12 MDT 2018
| Date             : Fri Mar 20 19:08:12 2020
| Host             : LAPTOP-HU0R68OD running 64-bit major release  (build 9200)
| Command          : report_power -file design_1_wrapper_power_routed.rpt -pb design_1_wrapper_power_summary_routed.pb -rpx design_1_wrapper_power_routed.rpx
| Design           : design_1_wrapper
| Device           : xc7z020clg484-1
| Design State     : routed
| Grade            : commercial
| Process          : typical
| Characterization : Production
----------------------------------------------------------------------------------------------------------------------------------------------------------------------

Power Report

Table of Contents
-----------------
1. Summary
1.1 On-Chip Components
1.2 Power Supply Summary
1.3 Confidence Level
2. Settings
2.1 Environment
2.2 Clock Constraints
3. Detailed Reports
3.1 By Hierarchy

1. Summary
----------

+--------------------------+--------------+
| Total On-Chip Power (W)  | 1.864        |
| Design Power Budget (W)  | Unspecified* |
| Power Budget Margin (W)  | NA           |
| Dynamic (W)              | 1.717        |
| Device Static (W)        | 0.147        |
| Effective TJA (C/W)      | 11.5         |
| Max Ambient (C)          | 63.5         |
| Junction Temperature (C) | 46.5         |
| Confidence Level         | Low          |
| Setting File             | ---          |
| Simulation Activity File | ---          |
| Design Nets Matched      | NA           |
+--------------------------+--------------+
* Specify Design Power Budget using, set_operating_conditions -design_power_budget <value in Watts>


1.1 On-Chip Components
----------------------

+--------------------------+-----------+----------+-----------+-----------------+
| On-Chip                  | Power (W) | Used     | Available | Utilization (%) |
+--------------------------+-----------+----------+-----------+-----------------+
| Clocks                   |     0.028 |        8 |       --- |             --- |
| Slice Logic              |     0.009 |    16420 |       --- |             --- |
|   LUT as Logic           |     0.008 |     4892 |     53200 |            9.20 |
|   Register               |    <0.001 |     8333 |    106400 |            7.83 |
|   LUT as Distributed RAM |    <0.001 |      398 |     17400 |            2.29 |
|   CARRY4                 |    <0.001 |      193 |     13300 |            1.45 |
|   LUT as Shift Register  |    <0.001 |      254 |     17400 |            1.46 |
|   BUFG                   |    <0.001 |        1 |        32 |            3.13 |
|   F7/F8 Muxes            |    <0.001 |        9 |     53200 |            0.02 |
|   Others                 |     0.000 |      785 |       --- |             --- |
| Signals                  |     0.011 |    11637 |       --- |             --- |
| Block RAM                |     0.004 |      7.5 |       140 |            5.36 |
| MMCM                     |     0.106 |        1 |         4 |           25.00 |
| DSPs                     |    <0.001 |        6 |       220 |            2.73 |
| I/O                      |     0.032 |       36 |       200 |           18.00 |
| PS7                      |     1.527 |        1 |       --- |             --- |
| Static Power             |     0.147 |          |           |                 |
| Total                    |     1.864 |          |           |                 |
+--------------------------+-----------+----------+-----------+-----------------+


1.2 Power Supply Summary
------------------------

+-----------+-------------+-----------+-------------+------------+
| Source    | Voltage (V) | Total (A) | Dynamic (A) | Static (A) |
+-----------+-------------+-----------+-------------+------------+
| Vccint    |       1.000 |     0.069 |       0.053 |      0.016 |
| Vccaux    |       1.800 |     0.076 |       0.060 |      0.016 |
| Vcco33    |       3.300 |     0.010 |       0.009 |      0.001 |
| Vcco25    |       2.500 |     0.000 |       0.000 |      0.000 |
| Vcco18    |       1.800 |     0.000 |       0.000 |      0.000 |
| Vcco15    |       1.500 |     0.000 |       0.000 |      0.000 |
| Vcco135   |       1.350 |     0.000 |       0.000 |      0.000 |
| Vcco12    |       1.200 |     0.000 |       0.000 |      0.000 |
| Vccaux_io |       1.800 |     0.000 |       0.000 |      0.000 |
| Vccbram   |       1.000 |     0.002 |       0.000 |      0.001 |
| MGTAVcc   |       1.000 |     0.000 |       0.000 |      0.000 |
| MGTAVtt   |       1.200 |     0.000 |       0.000 |      0.000 |
| MGTVccaux |       1.800 |     0.000 |       0.000 |      0.000 |
| Vccpint   |       1.000 |     0.754 |       0.722 |      0.032 |
| Vccpaux   |       1.800 |     0.061 |       0.051 |      0.010 |
| Vccpll    |       1.800 |     0.017 |       0.014 |      0.003 |
| Vcco_ddr  |       1.500 |     0.459 |       0.457 |      0.002 |
| Vcco_mio0 |       1.800 |     0.000 |       0.000 |      0.000 |
| Vcco_mio1 |       1.800 |     0.003 |       0.002 |      0.001 |
| Vccadc    |       1.800 |     0.020 |       0.000 |      0.020 |
+-----------+-------------+-----------+-------------+------------+


1.3 Confidence Level
--------------------

+-----------------------------+------------+--------------------------------------------------------+------------------------------------------------------------------------------------------------------------+
| User Input Data             | Confidence | Details                                                | Action                                                                                                     |
+-----------------------------+------------+--------------------------------------------------------+------------------------------------------------------------------------------------------------------------+
| Design implementation state | High       | Design is routed                                       |                                                                                                            |
| Clock nodes activity        | High       | User specified more than 95% of clocks                 |                                                                                                            |
| I/O nodes activity          | Low        | More than 75% of inputs are missing user specification | Provide missing input activity with simulation results or by editing the "By Resource Type -> I/Os" view   |
| Internal nodes activity     | Medium     | User specified less than 25% of internal nodes         | Provide missing internal nodes activity with simulation results or by editing the "By Resource Type" views |
| Device models               | High       | Device models are Production                           |                                                                                                            |
|                             |            |                                                        |                                                                                                            |
| Overall confidence level    | Low        |                                                        |                                                                                                            |
+-----------------------------+------------+--------------------------------------------------------+------------------------------------------------------------------------------------------------------------+


2. Settings
-----------

2.1 Environment
---------------

+-----------------------+------------------------+
| Ambient Temp (C)      | 25.0                   |
| ThetaJA (C/W)         | 11.5                   |
| Airflow (LFM)         | 250                    |
| Heat Sink             | none                   |
| ThetaSA (C/W)         | 0.0                    |
| Board Selection       | medium (10"x10")       |
| # of Board Layers     | 8to11 (8 to 11 Layers) |
| Board Temperature (C) | 25.0                   |
+-----------------------+------------------------+


2.2 Clock Constraints
---------------------

+-------------------------------+-------------------------------------------------------------+-----------------+
| Clock                         | Domain                                                      | Constraint (ns) |
+-------------------------------+-------------------------------------------------------------+-----------------+
| clk_fpga_0                    | design_1_i/processing_system7_0/inst/FCLK_CLK0              |            10.0 |
| clk_fpga_0                    | design_1_i/processing_system7_0/inst/FCLK_CLK_unbuffered[0] |            10.0 |
| clk_fpga_1                    | design_1_i/processing_system7_0/inst/FCLK_CLK_unbuffered[1] |            40.0 |
| clk_out1_design_1_clk_wiz_0_0 | design_1_i/clk_wiz_0/inst/clk_out1_design_1_clk_wiz_0_0     |            40.0 |
| clk_out2_design_1_clk_wiz_0_0 | design_1_i/clk_wiz_0/inst/clk_out2_design_1_clk_wiz_0_0     |            40.0 |
| clkfbout_design_1_clk_wiz_0_0 | design_1_i/clk_wiz_0/inst/clkfbout_design_1_clk_wiz_0_0     |            10.0 |
+-------------------------------+-------------------------------------------------------------+-----------------+


3. Detailed Reports
-------------------

3.1 By Hierarchy
----------------

+-------------------------------------------------------------------------------------------------------+-----------+
| Name                                                                                                  | Power (W) |
+-------------------------------------------------------------------------------------------------------+-----------+
| design_1_wrapper                                                                                      |     1.717 |
|   IIC_0_scl_iobuf                                                                                     |    <0.001 |
|   IIC_0_sda_iobuf                                                                                     |    <0.001 |
|   design_1_i                                                                                          |     1.685 |
|     OV_Sensor_ML_0                                                                                    |    <0.001 |
|       inst                                                                                            |    <0.001 |
|         cmos_decode_u0                                                                                |    <0.001 |
|         nolabel_line70                                                                                |    <0.001 |
|     axi_smc                                                                                           |     0.020 |
|       inst                                                                                            |     0.020 |
|         clk_map                                                                                       |    <0.001 |
|           psr_aclk                                                                                    |    <0.001 |
|             U0                                                                                        |    <0.001 |
|               EXT_LPF                                                                                 |    <0.001 |
|                 ACTIVE_LOW_AUX.ACT_LO_AUX                                                             |    <0.001 |
|               SEQ                                                                                     |    <0.001 |
|                 SEQ_COUNTER                                                                           |    <0.001 |
|         m00_exit_pipeline                                                                             |     0.004 |
|           m00_exit                                                                                    |     0.004 |
|             inst                                                                                      |     0.004 |
|               ar_reg                                                                                  |    <0.001 |
|               aw_reg                                                                                  |    <0.001 |
|               b_reg                                                                                   |    <0.001 |
|               exit_inst                                                                               |    <0.001 |
|                 gen_r_cmd_fifo.r_cmd_fifo                                                             |    <0.001 |
|                   gen_srls[11].srl_nx1                                                                |    <0.001 |
|                   gen_srls[12].srl_nx1                                                                |    <0.001 |
|                   gen_srls[13].srl_nx1                                                                |    <0.001 |
|                   gen_srls[14].srl_nx1                                                                |    <0.001 |
|                   gen_srls[15].srl_nx1                                                                |    <0.001 |
|                   gen_srls[1].srl_nx1                                                                 |    <0.001 |
|                   gen_srls[8].srl_nx1                                                                 |    <0.001 |
|                 gen_w_cmd_fifo.w_cmd_fifo                                                             |    <0.001 |
|                   gen_srls[1].srl_nx1                                                                 |    <0.001 |
|               r_reg                                                                                   |    <0.001 |
|               splitter_inst                                                                           |     0.001 |
|                 gen_axi3.axi3_conv_inst                                                               |     0.001 |
|                   USE_READ.USE_SPLIT_R.read_addr_inst                                                 |    <0.001 |
|                     USE_R_CHANNEL.cmd_queue                                                           |    <0.001 |
|                       gen_srls[0].srl_nx1                                                             |    <0.001 |
|                   USE_WRITE.USE_SPLIT_W.write_resp_inst                                               |    <0.001 |
|                   USE_WRITE.write_addr_inst                                                           |    <0.001 |
|                     USE_BURSTS.cmd_queue                                                              |    <0.001 |
|                       gen_srls[0].srl_nx1                                                             |    <0.001 |
|                       gen_srls[1].srl_nx1                                                             |    <0.001 |
|                       gen_srls[2].srl_nx1                                                             |    <0.001 |
|                       gen_srls[3].srl_nx1                                                             |    <0.001 |
|                     USE_B_CHANNEL.cmd_b_queue                                                         |    <0.001 |
|                       gen_srls[0].srl_nx1                                                             |    <0.001 |
|                       gen_srls[1].srl_nx1                                                             |    <0.001 |
|                       gen_srls[2].srl_nx1                                                             |    <0.001 |
|                       gen_srls[3].srl_nx1                                                             |    <0.001 |
|                       gen_srls[4].srl_nx1                                                             |    <0.001 |
|                   USE_WRITE.write_data_inst                                                           |    <0.001 |
|               w_reg                                                                                   |    <0.001 |
|         m00_nodes                                                                                     |     0.006 |
|           m00_ar_node                                                                                 |    <0.001 |
|             inst                                                                                      |    <0.001 |
|               inst_mi_handler                                                                         |    <0.001 |
|                 gen_normal_area.gen_node_prog_full.inst_node_prog_full                                |    <0.001 |
|                   gen_xpm_memory_fifo.inst_fifo                                                       |    <0.001 |
|                     gen_mem_rep[0].inst_rd_addrb                                                      |    <0.001 |
|                     gen_mem_rep[0].inst_wr_addra                                                      |    <0.001 |
|                     gen_wr.inst_wr_addra_p1                                                           |    <0.001 |
|                 gen_normal_area.inst_fifo_node_payld                                                  |    <0.001 |
|                   gen_xpm_memory_fifo.inst_fifo                                                       |    <0.001 |
|                     gen_mem_rep[0].inst_rd_addrb                                                      |    <0.001 |
|                     gen_mem_rep[0].inst_wr_addra                                                      |    <0.001 |
|                     gen_mem_rep[0].inst_xpm_memory                                                    |    <0.001 |
|                       xpm_memory_base_inst                                                            |    <0.001 |
|                         gen_wr_a.gen_word_narrow.mem_reg_0_31_0_5                                     |    <0.001 |
|                         gen_wr_a.gen_word_narrow.mem_reg_0_31_102_107                                 |    <0.001 |
|                         gen_wr_a.gen_word_narrow.mem_reg_0_31_108_113                                 |    <0.001 |
|                         gen_wr_a.gen_word_narrow.mem_reg_0_31_114_119                                 |    <0.001 |
|                         gen_wr_a.gen_word_narrow.mem_reg_0_31_120_125                                 |    <0.001 |
|                         gen_wr_a.gen_word_narrow.mem_reg_0_31_126_131                                 |    <0.001 |
|                         gen_wr_a.gen_word_narrow.mem_reg_0_31_132_137                                 |    <0.001 |
|                         gen_wr_a.gen_word_narrow.mem_reg_0_31_6_11                                    |    <0.001 |
|                         gen_wr_a.gen_word_narrow.mem_reg_0_31_84_89                                   |    <0.001 |
|                         gen_wr_a.gen_word_narrow.mem_reg_0_31_90_95                                   |    <0.001 |
|                         gen_wr_a.gen_word_narrow.mem_reg_0_31_96_101                                  |    <0.001 |
|                     gen_wr.inst_wr_addra_p1                                                           |    <0.001 |
|                 inst_ingress                                                                          |    <0.001 |
|                   inst_pipeline_valid                                                                 |    <0.001 |
|               inst_si_handler                                                                         |    <0.001 |
|                 gen_si_handler.gen_arbiter_rr_normal_area.inst_arbiter                                |    <0.001 |
|                 gen_si_handler.gen_request_counters.gen_req_counter[0].inst_req_counter               |    <0.001 |
|           m00_aw_node                                                                                 |    <0.001 |
|             inst                                                                                      |    <0.001 |
|               inst_mi_handler                                                                         |    <0.001 |
|                 gen_normal_area.gen_node_prog_full.inst_node_prog_full                                |    <0.001 |
|                   gen_xpm_memory_fifo.inst_fifo                                                       |    <0.001 |
|                     gen_mem_rep[0].inst_rd_addrb                                                      |    <0.001 |
|                     gen_mem_rep[0].inst_wr_addra                                                      |    <0.001 |
|                     gen_wr.inst_wr_addra_p1                                                           |    <0.001 |
|                 gen_normal_area.inst_fifo_node_payld                                                  |    <0.001 |
|                   gen_xpm_memory_fifo.inst_fifo                                                       |    <0.001 |
|                     gen_mem_rep[0].inst_rd_addrb                                                      |    <0.001 |
|                     gen_mem_rep[0].inst_wr_addra                                                      |    <0.001 |
|                     gen_mem_rep[0].inst_xpm_memory                                                    |    <0.001 |
|                       xpm_memory_base_inst                                                            |    <0.001 |
|                         gen_wr_a.gen_word_narrow.mem_reg_0_31_0_5                                     |    <0.001 |
|                         gen_wr_a.gen_word_narrow.mem_reg_0_31_102_107                                 |    <0.001 |
|                         gen_wr_a.gen_word_narrow.mem_reg_0_31_108_113                                 |    <0.001 |
|                         gen_wr_a.gen_word_narrow.mem_reg_0_31_114_119                                 |    <0.001 |
|                         gen_wr_a.gen_word_narrow.mem_reg_0_31_120_125                                 |    <0.001 |
|                         gen_wr_a.gen_word_narrow.mem_reg_0_31_126_131                                 |    <0.001 |
|                         gen_wr_a.gen_word_narrow.mem_reg_0_31_132_137                                 |    <0.001 |
|                         gen_wr_a.gen_word_narrow.mem_reg_0_31_6_11                                    |    <0.001 |
|                         gen_wr_a.gen_word_narrow.mem_reg_0_31_90_95                                   |    <0.001 |
|                         gen_wr_a.gen_word_narrow.mem_reg_0_31_96_101                                  |    <0.001 |
|                     gen_wr.inst_wr_addra_p1                                                           |    <0.001 |
|                 inst_ingress                                                                          |    <0.001 |
|                   inst_pipeline_valid                                                                 |    <0.001 |
|               inst_si_handler                                                                         |    <0.001 |
|                 gen_m_axis_arb_fifo.inst_axis_arb_fifo                                                |    <0.001 |
|                   gen_srls[1].srl_nx1                                                                 |    <0.001 |
|                 gen_si_handler.gen_arbiter_rr_normal_area.inst_arbiter                                |    <0.001 |
|                 gen_si_handler.gen_request_counters.gen_req_counter[1].inst_req_counter               |    <0.001 |
|           m00_b_node                                                                                  |     0.001 |
|             inst                                                                                      |     0.001 |
|               inst_mi_handler                                                                         |     0.001 |
|                 gen_normal_area.gen_fifo_req.inst_fifo_req                                            |    <0.001 |
|                   gen_xpm_memory_fifo.inst_fifo                                                       |    <0.001 |
|                     gen_mem_rep[0].inst_rd_addrb                                                      |    <0.001 |
|                     gen_mem_rep[0].inst_wr_addra                                                      |    <0.001 |
|                     gen_mem_rep[0].inst_xpm_memory                                                    |    <0.001 |
|                       xpm_memory_base_inst                                                            |    <0.001 |
|                         gen_wr_a.gen_word_narrow.mem_reg_0_31_0_5                                     |    <0.001 |
|                     gen_wr.inst_wr_addra_p1                                                           |    <0.001 |
|                 gen_normal_area.inst_fifo_node_payld                                                  |    <0.001 |
|                   gen_xpm_memory_fifo.inst_fifo                                                       |    <0.001 |
|                     gen_mem_rep[0].inst_rd_addrb                                                      |    <0.001 |
|                     gen_mem_rep[0].inst_wr_addra                                                      |    <0.001 |
|                     gen_mem_rep[0].inst_xpm_memory                                                    |    <0.001 |
|                       xpm_memory_base_inst                                                            |    <0.001 |
|                         gen_wr_a.gen_word_narrow.mem_reg_0_31_0_5                                     |    <0.001 |
|                     gen_wr.inst_wr_addra_p1                                                           |    <0.001 |
|                 gen_normal_area.inst_fifo_send                                                        |    <0.001 |
|               inst_si_handler                                                                         |    <0.001 |
|                 inst_arb_stall_late                                                                   |    <0.001 |
|           m00_r_node                                                                                  |     0.002 |
|             inst                                                                                      |     0.002 |
|               inst_mi_handler                                                                         |     0.002 |
|                 gen_normal_area.gen_fifo_req.inst_fifo_req                                            |    <0.001 |
|                   gen_xpm_memory_fifo.inst_fifo                                                       |    <0.001 |
|                     gen_mem_rep[0].inst_rd_addrb                                                      |    <0.001 |
|                     gen_mem_rep[0].inst_wr_addra                                                      |    <0.001 |
|                     gen_mem_rep[0].inst_xpm_memory                                                    |    <0.001 |
|                       xpm_memory_base_inst                                                            |    <0.001 |
|                         gen_wr_a.gen_word_narrow.mem_reg_0_31_0_5                                     |    <0.001 |
|                     gen_wr.inst_wr_addra_p1                                                           |    <0.001 |
|                 gen_normal_area.inst_fifo_node_payld                                                  |     0.001 |
|                   gen_xpm_memory_fifo.inst_fifo                                                       |     0.001 |
|                     gen_mem_rep[0].inst_rd_addrb                                                      |    <0.001 |
|                     gen_mem_rep[0].inst_wr_addra                                                      |    <0.001 |
|                     gen_mem_rep[0].inst_xpm_memory                                                    |    <0.001 |
|                       xpm_memory_base_inst                                                            |    <0.001 |
|                         gen_wr_a.gen_word_narrow.mem_reg_0_31_12_17                                   |    <0.001 |
|                         gen_wr_a.gen_word_narrow.mem_reg_0_31_18_23                                   |    <0.001 |
|                         gen_wr_a.gen_word_narrow.mem_reg_0_31_24_29                                   |    <0.001 |
|                         gen_wr_a.gen_word_narrow.mem_reg_0_31_30_35                                   |    <0.001 |
|                         gen_wr_a.gen_word_narrow.mem_reg_0_31_36_41                                   |    <0.001 |
|                         gen_wr_a.gen_word_narrow.mem_reg_0_31_42_47                                   |    <0.001 |
|                         gen_wr_a.gen_word_narrow.mem_reg_0_31_48_53                                   |    <0.001 |
|                         gen_wr_a.gen_word_narrow.mem_reg_0_31_54_59                                   |    <0.001 |
|                         gen_wr_a.gen_word_narrow.mem_reg_0_31_60_65                                   |    <0.001 |
|                         gen_wr_a.gen_word_narrow.mem_reg_0_31_66_71                                   |    <0.001 |
|                         gen_wr_a.gen_word_narrow.mem_reg_0_31_72_77                                   |    <0.001 |
|                         gen_wr_a.gen_word_narrow.mem_reg_0_31_78_83                                   |    <0.001 |
|                     gen_wr.inst_wr_addra_p1                                                           |    <0.001 |
|                 gen_normal_area.inst_fifo_send                                                        |    <0.001 |
|               inst_si_handler                                                                         |    <0.001 |
|                 inst_arb_stall_late                                                                   |    <0.001 |
|           m00_w_node                                                                                  |     0.001 |
|             inst                                                                                      |     0.001 |
|               inst_mi_handler                                                                         |     0.001 |
|                 gen_normal_area.gen_node_prog_full.inst_node_prog_full                                |    <0.001 |
|                   gen_xpm_memory_fifo.inst_fifo                                                       |    <0.001 |
|                     gen_mem_rep[0].inst_rd_addrb                                                      |    <0.001 |
|                     gen_mem_rep[0].inst_wr_addra                                                      |    <0.001 |
|                     gen_wr.inst_wr_addra_p1                                                           |    <0.001 |
|                 gen_normal_area.inst_fifo_node_payld                                                  |    <0.001 |
|                   gen_xpm_memory_fifo.inst_fifo                                                       |    <0.001 |
|                     gen_mem_rep[0].inst_rd_addrb                                                      |    <0.001 |
|                     gen_mem_rep[0].inst_wr_addra                                                      |    <0.001 |
|                     gen_mem_rep[0].inst_xpm_memory                                                    |    <0.001 |
|                       xpm_memory_base_inst                                                            |    <0.001 |
|                         gen_wr_a.gen_word_narrow.mem_reg_0_31_12_17                                   |    <0.001 |
|                         gen_wr_a.gen_word_narrow.mem_reg_0_31_18_23                                   |    <0.001 |
|                         gen_wr_a.gen_word_narrow.mem_reg_0_31_24_29                                   |    <0.001 |
|                         gen_wr_a.gen_word_narrow.mem_reg_0_31_30_35                                   |    <0.001 |
|                         gen_wr_a.gen_word_narrow.mem_reg_0_31_36_41                                   |    <0.001 |
|                         gen_wr_a.gen_word_narrow.mem_reg_0_31_42_47                                   |    <0.001 |
|                         gen_wr_a.gen_word_narrow.mem_reg_0_31_48_53                                   |    <0.001 |
|                         gen_wr_a.gen_word_narrow.mem_reg_0_31_54_59                                   |    <0.001 |
|                         gen_wr_a.gen_word_narrow.mem_reg_0_31_60_65                                   |    <0.001 |
|                         gen_wr_a.gen_word_narrow.mem_reg_0_31_66_71                                   |    <0.001 |
|                         gen_wr_a.gen_word_narrow.mem_reg_0_31_72_77                                   |    <0.001 |
|                         gen_wr_a.gen_word_narrow.mem_reg_0_31_78_83                                   |    <0.001 |
|                         gen_wr_a.gen_word_narrow.mem_reg_0_31_84_89                                   |    <0.001 |
|                     gen_wr.inst_wr_addra_p1                                                           |    <0.001 |
|                 inst_ingress                                                                          |    <0.001 |
|                   inst_pipeline_valid                                                                 |    <0.001 |
|               inst_si_handler                                                                         |    <0.001 |
|                 gen_si_handler.gen_axis_packet_slave_normal_area.inst_allow_transfer_late             |    <0.001 |
|                 gen_si_handler.gen_request_fifos.gen_req_fifo[1].inst_req_fifo                        |    <0.001 |
|                   gen_xpm_memory_fifo.inst_fifo                                                       |    <0.001 |
|                     gen_mem_rep[0].inst_rd_addrb                                                      |    <0.001 |
|                     gen_mem_rep[0].inst_wr_addra                                                      |    <0.001 |
|                     gen_mem_rep[0].inst_xpm_memory                                                    |    <0.001 |
|                       xpm_memory_base_inst                                                            |    <0.001 |
|                         gen_wr_a.gen_word_narrow.mem_reg_0_3_0_0                                      |    <0.001 |
|                     gen_wr.inst_wr_addra_p1                                                           |    <0.001 |
|         s00_entry_pipeline                                                                            |     0.002 |
|           s00_mmu                                                                                     |     0.002 |
|             inst                                                                                      |     0.002 |
|               ar_reg_stall                                                                            |    <0.001 |
|               ar_sreg                                                                                 |    <0.001 |
|               gen_endpoint.decerr_slave_inst                                                          |    <0.001 |
|               r_sreg                                                                                  |    <0.001 |
|           s00_si_converter                                                                            |    <0.001 |
|             inst                                                                                      |    <0.001 |
|         s00_nodes                                                                                     |     0.002 |
|           s00_ar_node                                                                                 |    <0.001 |
|             inst                                                                                      |    <0.001 |
|               inst_mi_handler                                                                         |    <0.001 |
|                 gen_normal_area.gen_fifo_req.inst_fifo_req                                            |    <0.001 |
|                   gen_xpm_memory_fifo.inst_fifo                                                       |    <0.001 |
|                     gen_mem_rep[0].inst_rd_addrb                                                      |    <0.001 |
|                     gen_mem_rep[0].inst_wr_addra                                                      |    <0.001 |
|                     gen_wr.inst_wr_addra_p1                                                           |    <0.001 |
|                 gen_normal_area.inst_fifo_node_payld                                                  |    <0.001 |
|                   gen_xpm_memory_fifo.inst_fifo                                                       |    <0.001 |
|                     gen_mem_rep[0].inst_rd_addrb                                                      |    <0.001 |
|                     gen_mem_rep[0].inst_wr_addra                                                      |    <0.001 |
|                     gen_mem_rep[0].inst_xpm_memory                                                    |    <0.001 |
|                       xpm_memory_base_inst                                                            |    <0.001 |
|                         gen_wr_a.gen_word_narrow.mem_reg_0_31_0_5                                     |    <0.001 |
|                         gen_wr_a.gen_word_narrow.mem_reg_0_31_102_107                                 |    <0.001 |
|                         gen_wr_a.gen_word_narrow.mem_reg_0_31_108_113                                 |    <0.001 |
|                         gen_wr_a.gen_word_narrow.mem_reg_0_31_114_119                                 |    <0.001 |
|                         gen_wr_a.gen_word_narrow.mem_reg_0_31_120_125                                 |    <0.001 |
|                         gen_wr_a.gen_word_narrow.mem_reg_0_31_126_131                                 |    <0.001 |
|                         gen_wr_a.gen_word_narrow.mem_reg_0_31_132_137                                 |    <0.001 |
|                         gen_wr_a.gen_word_narrow.mem_reg_0_31_6_11                                    |    <0.001 |
|                         gen_wr_a.gen_word_narrow.mem_reg_0_31_84_89                                   |    <0.001 |
|                         gen_wr_a.gen_word_narrow.mem_reg_0_31_90_95                                   |    <0.001 |
|                         gen_wr_a.gen_word_narrow.mem_reg_0_31_96_101                                  |    <0.001 |
|                     gen_wr.inst_wr_addra_p1                                                           |    <0.001 |
|                 gen_normal_area.inst_fifo_send                                                        |    <0.001 |
|               inst_si_handler                                                                         |    <0.001 |
|                 inst_arb_stall_late                                                                   |    <0.001 |
|           s00_r_node                                                                                  |     0.001 |
|             inst                                                                                      |     0.001 |
|               inst_mi_handler                                                                         |     0.001 |
|                 gen_normal_area.gen_node_prog_full.inst_node_prog_full                                |    <0.001 |
|                   gen_xpm_memory_fifo.inst_fifo                                                       |    <0.001 |
|                     gen_mem_rep[0].inst_rd_addrb                                                      |    <0.001 |
|                     gen_mem_rep[0].inst_wr_addra                                                      |    <0.001 |
|                     gen_wr.inst_wr_addra_p1                                                           |    <0.001 |
|                 gen_normal_area.inst_fifo_node_payld                                                  |    <0.001 |
|                   gen_xpm_memory_fifo.inst_fifo                                                       |    <0.001 |
|                     gen_mem_rep[0].inst_rd_addrb                                                      |    <0.001 |
|                     gen_mem_rep[0].inst_wr_addra                                                      |    <0.001 |
|                     gen_mem_rep[0].inst_xpm_memory                                                    |    <0.001 |
|                       xpm_memory_base_inst                                                            |    <0.001 |
|                         gen_wr_a.gen_word_narrow.mem_reg_0_31_12_17                                   |    <0.001 |
|                         gen_wr_a.gen_word_narrow.mem_reg_0_31_18_23                                   |    <0.001 |
|                         gen_wr_a.gen_word_narrow.mem_reg_0_31_24_29                                   |    <0.001 |
|                         gen_wr_a.gen_word_narrow.mem_reg_0_31_30_35                                   |    <0.001 |
|                         gen_wr_a.gen_word_narrow.mem_reg_0_31_36_41                                   |    <0.001 |
|                         gen_wr_a.gen_word_narrow.mem_reg_0_31_42_47                                   |    <0.001 |
|                         gen_wr_a.gen_word_narrow.mem_reg_0_31_48_53                                   |    <0.001 |
|                         gen_wr_a.gen_word_narrow.mem_reg_0_31_54_59                                   |    <0.001 |
|                         gen_wr_a.gen_word_narrow.mem_reg_0_31_60_65                                   |    <0.001 |
|                         gen_wr_a.gen_word_narrow.mem_reg_0_31_66_71                                   |    <0.001 |
|                         gen_wr_a.gen_word_narrow.mem_reg_0_31_72_77                                   |    <0.001 |
|                         gen_wr_a.gen_word_narrow.mem_reg_0_31_78_83                                   |    <0.001 |
|                     gen_wr.inst_wr_addra_p1                                                           |    <0.001 |
|                 inst_ingress                                                                          |    <0.001 |
|                   inst_pipeline_valid                                                                 |    <0.001 |
|               inst_si_handler                                                                         |    <0.001 |
|                 inst_arb_stall_late                                                                   |    <0.001 |
|         s01_entry_pipeline                                                                            |     0.002 |
|           s01_mmu                                                                                     |     0.002 |
|             inst                                                                                      |     0.002 |
|               aw_reg_stall                                                                            |    <0.001 |
|               aw_sreg                                                                                 |    <0.001 |
|               b_sreg                                                                                  |    <0.001 |
|               gen_endpoint.decerr_slave_inst                                                          |    <0.001 |
|               w_sreg                                                                                  |    <0.001 |
|           s01_si_converter                                                                            |    <0.001 |
|             inst                                                                                      |    <0.001 |
|               splitter_inst                                                                           |    <0.001 |
|                 gen_no_wsplitter.gen_endpoint_woffset.gen_wbypass_offset_fifo.wbypass_offset_fifo     |    <0.001 |
|                   gen_srls[0].srl_nx1                                                                 |    <0.001 |
|                   gen_srls[13].srl_nx1                                                                |    <0.001 |
|                   gen_srls[4].srl_nx1                                                                 |    <0.001 |
|                   gen_srls[5].srl_nx1                                                                 |    <0.001 |
|                   gen_srls[6].srl_nx1                                                                 |    <0.001 |
|                   gen_srls[7].srl_nx1                                                                 |    <0.001 |
|         s01_nodes                                                                                     |     0.003 |
|           s01_aw_node                                                                                 |    <0.001 |
|             inst                                                                                      |    <0.001 |
|               inst_mi_handler                                                                         |    <0.001 |
|                 gen_normal_area.gen_fifo_req.inst_fifo_req                                            |    <0.001 |
|                   gen_xpm_memory_fifo.inst_fifo                                                       |    <0.001 |
|                     gen_mem_rep[0].inst_rd_addrb                                                      |    <0.001 |
|                     gen_mem_rep[0].inst_wr_addra                                                      |    <0.001 |
|                     gen_wr.inst_wr_addra_p1                                                           |    <0.001 |
|                 gen_normal_area.inst_fifo_node_payld                                                  |    <0.001 |
|                   gen_xpm_memory_fifo.inst_fifo                                                       |    <0.001 |
|                     gen_mem_rep[0].inst_rd_addrb                                                      |    <0.001 |
|                     gen_mem_rep[0].inst_wr_addra                                                      |    <0.001 |
|                     gen_mem_rep[0].inst_xpm_memory                                                    |    <0.001 |
|                       xpm_memory_base_inst                                                            |    <0.001 |
|                         gen_wr_a.gen_word_narrow.mem_reg_0_31_0_5                                     |    <0.001 |
|                         gen_wr_a.gen_word_narrow.mem_reg_0_31_102_107                                 |    <0.001 |
|                         gen_wr_a.gen_word_narrow.mem_reg_0_31_108_113                                 |    <0.001 |
|                         gen_wr_a.gen_word_narrow.mem_reg_0_31_114_119                                 |    <0.001 |
|                         gen_wr_a.gen_word_narrow.mem_reg_0_31_120_125                                 |    <0.001 |
|                         gen_wr_a.gen_word_narrow.mem_reg_0_31_126_131                                 |    <0.001 |
|                         gen_wr_a.gen_word_narrow.mem_reg_0_31_132_137                                 |    <0.001 |
|                         gen_wr_a.gen_word_narrow.mem_reg_0_31_6_11                                    |    <0.001 |
|                         gen_wr_a.gen_word_narrow.mem_reg_0_31_90_95                                   |    <0.001 |
|                         gen_wr_a.gen_word_narrow.mem_reg_0_31_96_101                                  |    <0.001 |
|                     gen_wr.inst_wr_addra_p1                                                           |    <0.001 |
|                 gen_normal_area.inst_fifo_send                                                        |    <0.001 |
|               inst_si_handler                                                                         |    <0.001 |
|                 inst_arb_stall_late                                                                   |    <0.001 |
|           s01_b_node                                                                                  |     0.001 |
|             inst                                                                                      |     0.001 |
|               inst_mi_handler                                                                         |     0.001 |
|                 gen_normal_area.gen_node_prog_full.inst_node_prog_full                                |    <0.001 |
|                   gen_xpm_memory_fifo.inst_fifo                                                       |    <0.001 |
|                     gen_mem_rep[0].inst_rd_addrb                                                      |    <0.001 |
|                     gen_mem_rep[0].inst_wr_addra                                                      |    <0.001 |
|                     gen_wr.inst_wr_addra_p1                                                           |    <0.001 |
|                 gen_normal_area.inst_fifo_node_payld                                                  |    <0.001 |
|                   gen_xpm_memory_fifo.inst_fifo                                                       |    <0.001 |
|                     gen_mem_rep[0].inst_rd_addrb                                                      |    <0.001 |
|                     gen_mem_rep[0].inst_wr_addra                                                      |    <0.001 |
|                     gen_mem_rep[0].inst_xpm_memory                                                    |    <0.001 |
|                       xpm_memory_base_inst                                                            |    <0.001 |
|                         gen_wr_a.gen_word_narrow.mem_reg_0_31_0_5                                     |    <0.001 |
|                     gen_wr.inst_wr_addra_p1                                                           |    <0.001 |
|                 inst_ingress                                                                          |    <0.001 |
|                   inst_pipeline_valid                                                                 |    <0.001 |
|               inst_si_handler                                                                         |    <0.001 |
|                 inst_arb_stall_late                                                                   |    <0.001 |
|           s01_w_node                                                                                  |    <0.001 |
|             inst                                                                                      |    <0.001 |
|               inst_mi_handler                                                                         |    <0.001 |
|                 gen_normal_area.gen_fifo_req.inst_fifo_req                                            |    <0.001 |
|                   gen_xpm_memory_fifo.inst_fifo                                                       |    <0.001 |
|                     gen_mem_rep[0].inst_rd_addrb                                                      |    <0.001 |
|                     gen_mem_rep[0].inst_wr_addra                                                      |    <0.001 |
|                     gen_mem_rep[0].inst_xpm_memory                                                    |    <0.001 |
|                       xpm_memory_base_inst                                                            |    <0.001 |
|                         gen_wr_a.gen_word_narrow.mem_reg_0_31_0_5                                     |    <0.001 |
|                     gen_wr.inst_wr_addra_p1                                                           |    <0.001 |
|                 gen_normal_area.inst_fifo_node_payld                                                  |    <0.001 |
|                   gen_xpm_memory_fifo.inst_fifo                                                       |    <0.001 |
|                     gen_mem_rep[0].inst_rd_addrb                                                      |    <0.001 |
|                     gen_mem_rep[0].inst_wr_addra                                                      |    <0.001 |
|                     gen_mem_rep[0].inst_xpm_memory                                                    |    <0.001 |
|                       xpm_memory_base_inst                                                            |    <0.001 |
|                         gen_wr_a.gen_word_narrow.mem_reg_0_31_12_17                                   |    <0.001 |
|                         gen_wr_a.gen_word_narrow.mem_reg_0_31_18_23                                   |    <0.001 |
|                         gen_wr_a.gen_word_narrow.mem_reg_0_31_24_29                                   |    <0.001 |
|                         gen_wr_a.gen_word_narrow.mem_reg_0_31_30_35                                   |    <0.001 |
|                         gen_wr_a.gen_word_narrow.mem_reg_0_31_36_41                                   |    <0.001 |
|                         gen_wr_a.gen_word_narrow.mem_reg_0_31_42_47                                   |    <0.001 |
|                         gen_wr_a.gen_word_narrow.mem_reg_0_31_48_53                                   |    <0.001 |
|                         gen_wr_a.gen_word_narrow.mem_reg_0_31_54_59                                   |    <0.001 |
|                         gen_wr_a.gen_word_narrow.mem_reg_0_31_60_65                                   |    <0.001 |
|                         gen_wr_a.gen_word_narrow.mem_reg_0_31_66_71                                   |    <0.001 |
|                         gen_wr_a.gen_word_narrow.mem_reg_0_31_72_77                                   |    <0.001 |
|                         gen_wr_a.gen_word_narrow.mem_reg_0_31_78_83                                   |    <0.001 |
|                         gen_wr_a.gen_word_narrow.mem_reg_0_31_84_87                                   |    <0.001 |
|                     gen_wr.inst_wr_addra_p1                                                           |    <0.001 |
|                 gen_normal_area.inst_fifo_send                                                        |    <0.001 |
|               inst_si_handler                                                                         |    <0.001 |
|                 inst_arb_stall_late                                                                   |    <0.001 |
|         switchboards                                                                                  |     0.001 |
|           ar_switchboard                                                                              |    <0.001 |
|             inst                                                                                      |    <0.001 |
|               gen_mi[0].inst_opipe_payld                                                              |    <0.001 |
|           aw_switchboard                                                                              |    <0.001 |
|             inst                                                                                      |    <0.001 |
|               gen_mi[0].inst_opipe_payld                                                              |    <0.001 |
|           b_switchboard                                                                               |    <0.001 |
|             inst                                                                                      |    <0.001 |
|               gen_mi[1].inst_opipe_payld                                                              |    <0.001 |
|           r_switchboard                                                                               |    <0.001 |
|             inst                                                                                      |    <0.001 |
|               gen_mi[0].inst_opipe_payld                                                              |    <0.001 |
|           w_switchboard                                                                               |    <0.001 |
|             inst                                                                                      |    <0.001 |
|               gen_mi[0].inst_opipe_payld                                                              |    <0.001 |
|     axi_vdma_0                                                                                        |     0.022 |
|       U0                                                                                              |     0.022 |
|         AXI_LITE_REG_INTERFACE_I                                                                      |     0.002 |
|           GEN_AXI_LITE_IF.AXI_LITE_IF_I                                                               |     0.002 |
|             GEN_LITE_IS_ASYNC.GEN_ASYNC_LITE_ACCESS.LITE_WVALID_MM2S_CDC_I                            |    <0.001 |
|             GEN_LITE_IS_ASYNC.GEN_ASYNC_LITE_ACCESS.LITE_WVALID_S2MM_CDC_I                            |    <0.001 |
|           GEN_MM2S_LITE_CROSSINGS.GEN_MM2S_CROSSINGS_ASYNC.MM2S_INTRPT_CROSSING_I                     |    <0.001 |
|         GEN_SPRT_FOR_MM2S.ADDR32.I_MM2S_DMA_MNGR                                                      |     0.002 |
|           I_CMDSTS                                                                                    |    <0.001 |
|           I_SM                                                                                        |    <0.001 |
|           I_STS_MNGR                                                                                  |    <0.001 |
|           VIDEO_GENLOCK_I                                                                             |    <0.001 |
|             GENLOCK_FOR_SLAVE.GENLOCK_MUX_I                                                           |    <0.001 |
|           VIDEO_REG_I                                                                                 |    <0.001 |
|             GEN_REGISTER_DIRECT.GEN_REGDIRECT_DRES.VIDREGISTER_I                                      |    <0.001 |
|         GEN_SPRT_FOR_MM2S.GEN_AXIS_MM2S_DWIDTH_CONV.AXIS_MM2S_DWIDTH_CONVERTER_I                      |     0.001 |
|           GEN_DWIDTH_NO_SOF.MM2S_AXIS_DWIDTH_CONVERTER_I                                              |    <0.001 |
|             gen_downsizer_conversion.axisc_downsizer_0                                                |    <0.001 |
|             gen_upsizer_conversion.axisc_upsizer_0                                                    |    <0.001 |
|         GEN_SPRT_FOR_MM2S.MM2S_FSYNC_I                                                                |    <0.001 |
|         GEN_SPRT_FOR_MM2S.MM2S_LINEBUFFER_I                                                           |    <0.001 |
|           GEN_LINEBUF_NO_SOF.GEN_LINEBUFFER.GEN_SYNC_FIFO.I_LINEBUFFER_FIFO                           |    <0.001 |
|             fg_inst                                                                                   |    <0.001 |
|               inst_fifo_gen                                                                           |    <0.001 |
|                 gconvfifo.rf                                                                          |    <0.001 |
|                   grf.rf                                                                              |    <0.001 |
|                     gntv_or_sync_fifo.gl0.rd                                                          |    <0.001 |
|                       gr1.gr1_int.rfwft                                                               |    <0.001 |
|                       grss.rsts                                                                       |    <0.001 |
|                         c1                                                                            |    <0.001 |
|                         c2                                                                            |    <0.001 |
|                       rpntr                                                                           |    <0.001 |
|                     gntv_or_sync_fifo.gl0.wr                                                          |    <0.001 |
|                       gwss.wsts                                                                       |    <0.001 |
|                         c0                                                                            |    <0.001 |
|                         c1                                                                            |    <0.001 |
|                       wpntr                                                                           |    <0.001 |
|                     gntv_or_sync_fifo.mem                                                             |    <0.001 |
|                       gbm.gbmg.gbmgb.ngecc.bmg                                                        |    <0.001 |
|                         inst_blk_mem_gen                                                              |    <0.001 |
|                           gnbram.gnativebmg.native_blk_mem_gen                                        |    <0.001 |
|                             valid.cstr                                                                |    <0.001 |
|                               ramloop[0].ram.r                                                        |    <0.001 |
|                                 prim_noinit.ram                                                       |    <0.001 |
|           GEN_LINEBUF_NO_SOF.GEN_LINEBUFFER.I_MSTR_SKID                                               |    <0.001 |
|         GEN_SPRT_FOR_MM2S.MM2S_REGISTER_MODULE_I                                                      |    <0.001 |
|           GEN_REG_DIRECT_MODE.REGDIRECT_I                                                             |    <0.001 |
|           I_DMA_REGISTER                                                                              |    <0.001 |
|           LITE_READ_MUX_I                                                                             |     0.000 |
|         GEN_SPRT_FOR_MM2S.MM2S_SOF_I                                                                  |    <0.001 |
|         GEN_SPRT_FOR_S2MM.GEN_AXIS_S2MM_DWIDTH_CONV.AXIS_S2MM_DWIDTH_CONVERTER_I                      |     0.001 |
|           GEN_DWIDTH_FLUSH_SOF.S2MM_AXIS_DWIDTH_CONVERTER_I                                           |    <0.001 |
|             gen_downsizer_conversion.axisc_downsizer_0                                                |    <0.001 |
|             gen_upsizer_conversion.axisc_upsizer_0                                                    |    <0.001 |
|         GEN_SPRT_FOR_S2MM.GEN_S2MM_DRE_ON_SKID.I_S2MM_SKID_FLUSH_SOF                                  |    <0.001 |
|         GEN_SPRT_FOR_S2MM.S2MMADDR32.I_S2MM_DMA_MNGR                                                  |     0.001 |
|           I_CMDSTS                                                                                    |    <0.001 |
|           I_SM                                                                                        |    <0.001 |
|           I_STS_MNGR                                                                                  |    <0.001 |
|           VIDEO_GENLOCK_I                                                                             |    <0.001 |
|             GENLOCK_FOR_MASTER.GEN_FSTORES_GRTR_ONE.GREY_CODER_I                                      |    <0.001 |
|           VIDEO_REG_I                                                                                 |    <0.001 |
|             GEN_REGISTER_DIRECT.GEN_REGDIRECT_DRES.VIDREGISTER_I                                      |    <0.001 |
|         GEN_SPRT_FOR_S2MM.S2MM_FSYNC_I                                                                |    <0.001 |
|         GEN_SPRT_FOR_S2MM.S2MM_LINEBUFFER_I                                                           |    <0.001 |
|           GEN_S2MM_FLUSH_SOF_LOGIC.GEN_LINEBUFFER_FLUSH_SOF.GEN_SYNC_FIFO_FLUSH_SOF.I_LINEBUFFER_FIFO |    <0.001 |
|             fg_inst                                                                                   |    <0.001 |
|               inst_fifo_gen                                                                           |    <0.001 |
|                 gconvfifo.rf                                                                          |    <0.001 |
|                   grf.rf                                                                              |    <0.001 |
|                     gntv_or_sync_fifo.gl0.rd                                                          |    <0.001 |
|                       gr1.gr1_int.rfwft                                                               |    <0.001 |
|                       grss.rsts                                                                       |    <0.001 |
|                         c1                                                                            |    <0.001 |
|                         c2                                                                            |    <0.001 |
|                       rpntr                                                                           |    <0.001 |
|                     gntv_or_sync_fifo.gl0.wr                                                          |    <0.001 |
|                       gwss.wsts                                                                       |    <0.001 |
|                         c0                                                                            |    <0.001 |
|                         c1                                                                            |    <0.001 |
|                       wpntr                                                                           |    <0.001 |
|                     gntv_or_sync_fifo.mem                                                             |    <0.001 |
|                       gbm.gbmg.gbmgb.ngecc.bmg                                                        |    <0.001 |
|                         inst_blk_mem_gen                                                              |    <0.001 |
|                           gnbram.gnativebmg.native_blk_mem_gen                                        |    <0.001 |
|                             valid.cstr                                                                |    <0.001 |
|                               ramloop[0].ram.r                                                        |    <0.001 |
|                                 prim_noinit.ram                                                       |    <0.001 |
|         GEN_SPRT_FOR_S2MM.S2MM_REGISTER_MODULE_I                                                      |    <0.001 |
|           GEN_REG_DIRECT_MODE.REGDIRECT_I                                                             |    <0.001 |
|           I_DMA_REGISTER                                                                              |    <0.001 |
|           LITE_READ_MUX_I                                                                             |     0.000 |
|         GEN_SPRT_FOR_S2MM.S2MM_SOF_I                                                                  |    <0.001 |
|         GEN_SPRT_FOR_S2MM.S2MM_VID_CDC_I                                                              |    <0.001 |
|         I_AXI_DMA_INTRPT                                                                              |    <0.001 |
|         I_PRMRY_DATAMOVER                                                                             |     0.010 |
|           GEN_MM2S_FULL.I_MM2S_FULL_WRAPPER                                                           |     0.003 |
|             GEN_INCLUDE_MM2S_SF.I_RD_SF                                                               |     0.002 |
|               I_DATA_FIFO                                                                             |     0.002 |
|                 BLK_MEM.I_SYNC_FIFOGEN_FIFO                                                           |     0.002 |
|                   xpm_fifo_instance.xpm_fifo_sync_inst                                                |     0.002 |
|                     xpm_fifo_base_inst                                                                |     0.002 |
|                       gen_fwft.rdpp1_inst                                                             |    <0.001 |
|                       gen_sdpram.xpm_memory_base_inst                                                 |     0.001 |
|                       rdp_inst                                                                        |    <0.001 |
|                       rdpp1_inst                                                                      |    <0.001 |
|                       rst_d1_inst                                                                     |    <0.001 |
|                       wrp_inst                                                                        |    <0.001 |
|                       wrpp1_inst                                                                      |    <0.001 |
|                       xpm_fifo_rst_inst                                                               |    <0.001 |
|               OMIT_DRE_CNTL.I_DRE_CNTL_FIFO                                                           |    <0.001 |
|                 USE_SRL_FIFO.I_SYNC_FIFO                                                              |    <0.001 |
|                   I_SRL_FIFO_RBU_F                                                                    |    <0.001 |
|                     CNTR_INCR_DECR_ADDN_F_I                                                           |    <0.001 |
|                     DYNSHREG_F_I                                                                      |    <0.001 |
|             I_ADDR_CNTL                                                                               |    <0.001 |
|               GEN_ADDR_FIFO.I_ADDR_QUAL_FIFO                                                          |    <0.001 |
|                 USE_SRL_FIFO.I_SYNC_FIFO                                                              |    <0.001 |
|                   I_SRL_FIFO_RBU_F                                                                    |    <0.001 |
|                     CNTR_INCR_DECR_ADDN_F_I                                                           |    <0.001 |
|                     DYNSHREG_F_I                                                                      |    <0.001 |
|             I_CMD_STATUS                                                                              |    <0.001 |
|               GEN_INCLUDE_STATUS_FIFO.I_STS_FIFO                                                      |    <0.001 |
|                 USE_SRL_FIFO.I_SYNC_FIFO                                                              |    <0.001 |
|                   I_SRL_FIFO_RBU_F                                                                    |    <0.001 |
|                     CNTR_INCR_DECR_ADDN_F_I                                                           |    <0.001 |
|                     DYNSHREG_F_I                                                                      |    <0.001 |
|               I_CMD_FIFO                                                                              |    <0.001 |
|                 USE_SRL_FIFO.I_SYNC_FIFO                                                              |    <0.001 |
|                   I_SRL_FIFO_RBU_F                                                                    |    <0.001 |
|                     CNTR_INCR_DECR_ADDN_F_I                                                           |    <0.001 |
|                     DYNSHREG_F_I                                                                      |    <0.001 |
|             I_MSTR_PCC                                                                                |    <0.001 |
|             I_RD_DATA_CNTL                                                                            |    <0.001 |
|               GEN_DATA_CNTL_FIFO.I_DATA_CNTL_FIFO                                                     |    <0.001 |
|                 USE_SRL_FIFO.I_SYNC_FIFO                                                              |    <0.001 |
|                   I_SRL_FIFO_RBU_F                                                                    |    <0.001 |
|                     CNTR_INCR_DECR_ADDN_F_I                                                           |    <0.001 |
|                     DYNSHREG_F_I                                                                      |    <0.001 |
|             I_RD_STATUS_CNTLR                                                                         |    <0.001 |
|             I_RESET                                                                                   |    <0.001 |
|           GEN_S2MM_FULL.I_S2MM_FULL_WRAPPER                                                           |     0.007 |
|             GEN_ENABLE_INDET_BTT_SF.I_INDET_BTT                                                       |     0.003 |
|               ENABLE_AXIS_SKID.I_INDET_BTT_SKID_BUF                                                   |    <0.001 |
|               I_DATA_FIFO                                                                             |     0.002 |
|                 BLK_MEM.I_SYNC_FIFOGEN_FIFO                                                           |     0.002 |
|                   xpm_fifo_instance.xpm_fifo_sync_inst                                                |     0.002 |
|                     xpm_fifo_base_inst                                                                |     0.002 |
|                       gen_sdpram.xpm_memory_base_inst                                                 |     0.002 |
|                       rdp_inst                                                                        |    <0.001 |
|                       rdpp1_inst                                                                      |    <0.001 |
|                       rst_d1_inst                                                                     |    <0.001 |
|                       wrp_inst                                                                        |    <0.001 |
|                       wrpp1_inst                                                                      |    <0.001 |
|                       xpm_fifo_rst_inst                                                               |    <0.001 |
|               I_XD_FIFO                                                                               |    <0.001 |
|                 NON_BLK_MEM.I_SYNC_FIFOGEN_FIFO                                                       |    <0.001 |
|                   xpm_fifo_instance.xpm_fifo_sync_inst                                                |    <0.001 |
|                     xpm_fifo_base_inst                                                                |    <0.001 |
|                       gen_fwft.rdpp1_inst                                                             |    <0.001 |
|                       gen_sdpram.xpm_memory_base_inst                                                 |    <0.001 |
|                         gen_wr_a.gen_word_narrow.mem_reg_0_15_0_5                                     |    <0.001 |
|                         gen_wr_a.gen_word_narrow.mem_reg_0_15_6_8                                     |    <0.001 |
|                       rdp_inst                                                                        |    <0.001 |
|                       rdpp1_inst                                                                      |    <0.001 |
|                       rst_d1_inst                                                                     |    <0.001 |
|                       wrp_inst                                                                        |    <0.001 |
|                       wrpp1_inst                                                                      |    <0.001 |
|                       xpm_fifo_rst_inst                                                               |    <0.001 |
|             GEN_INCLUDE_IBTTCC.I_S2MM_MSTR_IBTTCC                                                     |    <0.001 |
|             GEN_INCLUDE_REALIGNER.I_S2MM_REALIGNER                                                    |     0.001 |
|               GEN_INCLUDE_SCATTER.I_S2MM_SCATTER                                                      |    <0.001 |
|                 I_MSSAI_SKID_BUF                                                                      |    <0.001 |
|                 I_TSTRB_FIFO                                                                          |    <0.001 |
|                   USE_SRL_FIFO.I_SYNC_FIFO                                                            |    <0.001 |
|                     I_SRL_FIFO_RBU_F                                                                  |    <0.001 |
|                       CNTR_INCR_DECR_ADDN_F_I                                                         |    <0.001 |
|                       DYNSHREG_F_I                                                                    |    <0.001 |
|                 SLICE_INSERTION                                                                       |    <0.001 |
|               I_DRE_CNTL_FIFO                                                                         |    <0.001 |
|                 USE_SRL_FIFO.I_SYNC_FIFO                                                              |    <0.001 |
|                   I_SRL_FIFO_RBU_F                                                                    |    <0.001 |
|                     CNTR_INCR_DECR_ADDN_F_I                                                           |    <0.001 |
|                     DYNSHREG_F_I                                                                      |    <0.001 |
|             I_ADDR_CNTL                                                                               |    <0.001 |
|               GEN_ADDR_FIFO.I_ADDR_QUAL_FIFO                                                          |    <0.001 |
|                 USE_SRL_FIFO.I_SYNC_FIFO                                                              |    <0.001 |
|                   I_SRL_FIFO_RBU_F                                                                    |    <0.001 |
|                     CNTR_INCR_DECR_ADDN_F_I                                                           |    <0.001 |
|                     DYNSHREG_F_I                                                                      |    <0.001 |
|             I_CMD_STATUS                                                                              |    <0.001 |
|               GEN_INCLUDE_STATUS_FIFO.I_STS_FIFO                                                      |    <0.001 |
|                 USE_SRL_FIFO.I_SYNC_FIFO                                                              |    <0.001 |
|                   I_SRL_FIFO_RBU_F                                                                    |    <0.001 |
|                     CNTR_INCR_DECR_ADDN_F_I                                                           |    <0.001 |
|                     DYNSHREG_F_I                                                                      |    <0.001 |
|               I_CMD_FIFO                                                                              |    <0.001 |
|                 USE_SRL_FIFO.I_SYNC_FIFO                                                              |    <0.001 |
|                   I_SRL_FIFO_RBU_F                                                                    |    <0.001 |
|                     CNTR_INCR_DECR_ADDN_F_I                                                           |    <0.001 |
|                     DYNSHREG_F_I                                                                      |    <0.001 |
|             I_RESET                                                                                   |    <0.001 |
|             I_S2MM_MMAP_SKID_BUF                                                                      |    <0.001 |
|             I_WR_DATA_CNTL                                                                            |    <0.001 |
|               GEN_DATA_CNTL_FIFO.I_DATA_CNTL_FIFO                                                     |    <0.001 |
|                 USE_SRL_FIFO.I_SYNC_FIFO                                                              |    <0.001 |
|                   I_SRL_FIFO_RBU_F                                                                    |    <0.001 |
|                     CNTR_INCR_DECR_ADDN_F_I                                                           |    <0.001 |
|                     DYNSHREG_F_I                                                                      |    <0.001 |
|               GEN_INDET_BTT.I_STRT_STRB_GEN                                                           |    <0.001 |
|             I_WR_STATUS_CNTLR                                                                         |    <0.001 |
|               GEN_ENABLE_INDET_BTT.I_SF_DATA_CNTL_STATUS_FIFO                                         |    <0.001 |
|                 USE_SRL_FIFO.I_SYNC_FIFO                                                              |    <0.001 |
|                   I_SRL_FIFO_RBU_F                                                                    |    <0.001 |
|                     CNTR_INCR_DECR_ADDN_F_I                                                           |    <0.001 |
|                     DYNSHREG_F_I                                                                      |    <0.001 |
|               I_WRESP_STATUS_FIFO                                                                     |    <0.001 |
|                 USE_SRL_FIFO.I_SYNC_FIFO                                                              |    <0.001 |
|                   I_SRL_FIFO_RBU_F                                                                    |    <0.001 |
|                     CNTR_INCR_DECR_ADDN_F_I                                                           |    <0.001 |
|                     DYNSHREG_F_I                                                                      |    <0.001 |
|         I_RST_MODULE                                                                                  |    <0.001 |
|           GEN_RESET_FOR_MM2S.RESET_I                                                                  |    <0.001 |
|             GEN_MIN_FOR_ASYNC.AXIS_CLR_CDC_I                                                          |    <0.001 |
|             GEN_MIN_FOR_ASYNC.AXIS_IDLE_CDC_I                                                         |    <0.001 |
|             GEN_MIN_FOR_ASYNC.AXIS_MIN_CDC_I                                                          |    <0.001 |
|             GEN_MIN_FOR_ASYNC.AXIS_RESET_CDC_I                                                        |    <0.001 |
|             GEN_MIN_FOR_ASYNC.LITE_CLR_CDC_I                                                          |    <0.001 |
|             GEN_MIN_FOR_ASYNC.LITE_IDLE_CDC_I                                                         |    <0.001 |
|             GEN_MIN_FOR_ASYNC.LITE_MIN_CDC_I                                                          |    <0.001 |
|             GEN_MIN_FOR_ASYNC.LITE_RESET_CDC_I                                                        |    <0.001 |
|             GEN_RESET_FOR_ASYNC.AXIS_RESET_CDC_I                                                      |    <0.001 |
|             GEN_RESET_FOR_ASYNC.HARD_RESET_CDC_I                                                      |    <0.001 |
|           GEN_RESET_FOR_S2MM.RESET_I                                                                  |    <0.001 |
|             GEN_MIN_FOR_ASYNC.AXIS_CLR_CDC_I                                                          |    <0.001 |
|             GEN_MIN_FOR_ASYNC.AXIS_IDLE_CDC_I                                                         |    <0.001 |
|             GEN_MIN_FOR_ASYNC.AXIS_MIN_CDC_I                                                          |    <0.001 |
|             GEN_MIN_FOR_ASYNC.AXIS_RESET_CDC_I                                                        |    <0.001 |
|             GEN_MIN_FOR_ASYNC.LITE_CLR_CDC_I                                                          |    <0.001 |
|             GEN_MIN_FOR_ASYNC.LITE_IDLE_CDC_I                                                         |    <0.001 |
|             GEN_MIN_FOR_ASYNC.LITE_MIN_CDC_I                                                          |    <0.001 |
|             GEN_MIN_FOR_ASYNC.LITE_RESET_CDC_I                                                        |    <0.001 |
|             GEN_RESET_FOR_ASYNC.AXIS_RESET_CDC_I                                                      |    <0.001 |
|             GEN_RESET_FOR_ASYNC.HARD_RESET_CDC_I                                                      |    <0.001 |
|     clk_wiz_0                                                                                         |     0.106 |
|       inst                                                                                            |     0.106 |
|     hdmi_display_0                                                                                    |     0.001 |
|       inst                                                                                            |     0.001 |
|         my_colour_space_conversion                                                                    |    <0.001 |
|         my_convert_444_422                                                                            |    <0.001 |
|         my_hdmi_ddr_output                                                                            |    <0.001 |
|         my_sccb                                                                                       |    <0.001 |
|           my_sccb_control                                                                             |    <0.001 |
|     processing_system7_0                                                                              |     1.528 |
|       inst                                                                                            |     1.528 |
|     ps7_0_axi_periph                                                                                  |     0.004 |
|       s00_couplers                                                                                    |     0.004 |
|         auto_pc                                                                                       |     0.004 |
|           inst                                                                                        |     0.004 |
|             gen_axilite.gen_b2s_conv.axilite_b2s                                                      |     0.004 |
|               RD.ar_channel_0                                                                         |    <0.001 |
|                 ar_cmd_fsm_0                                                                          |    <0.001 |
|                 cmd_translator_0                                                                      |    <0.001 |
|                   incr_cmd_0                                                                          |    <0.001 |
|                   wrap_cmd_0                                                                          |    <0.001 |
|               RD.r_channel_0                                                                          |    <0.001 |
|                 rd_data_fifo_0                                                                        |    <0.001 |
|                 transaction_fifo_0                                                                    |    <0.001 |
|               SI_REG                                                                                  |     0.001 |
|                 ar.ar_pipe                                                                            |    <0.001 |
|                 aw.aw_pipe                                                                            |    <0.001 |
|                 b.b_pipe                                                                              |    <0.001 |
|                 r.r_pipe                                                                              |    <0.001 |
|               WR.aw_channel_0                                                                         |    <0.001 |
|                 aw_cmd_fsm_0                                                                          |    <0.001 |
|                 cmd_translator_0                                                                      |    <0.001 |
|                   incr_cmd_0                                                                          |    <0.001 |
|                   wrap_cmd_0                                                                          |    <0.001 |
|               WR.b_channel_0                                                                          |    <0.001 |
|                 bid_fifo_0                                                                            |    <0.001 |
|                 bresp_fifo_0                                                                          |    <0.001 |
|     rst_ps7_0_100M                                                                                    |    <0.001 |
|       U0                                                                                              |    <0.001 |
|         EXT_LPF                                                                                       |    <0.001 |
|           ACTIVE_LOW_AUX.ACT_LO_AUX                                                                   |    <0.001 |
|           ACTIVE_LOW_EXT.ACT_LO_EXT                                                                   |    <0.001 |
|         SEQ                                                                                           |    <0.001 |
|           SEQ_COUNTER                                                                                 |    <0.001 |
|     util_vector_logic_0                                                                               |     0.000 |
|       inst                                                                                            |     0.000 |
|     v_axi4s_vid_out_0                                                                                 |     0.002 |
|       inst                                                                                            |     0.002 |
|         COUPLER_INST                                                                                  |     0.001 |
|           generate_async_fifo.FIFO_INST                                                               |     0.001 |
|             XPM_FIFO_ASYNC_INST                                                                       |     0.001 |
|               gnuram_async_fifo.xpm_fifo_base_inst                                                    |     0.001 |
|                 gen_cdc_pntr.rd_pntr_cdc_inst                                                         |    <0.001 |
|                 gen_cdc_pntr.rpw_gray_reg                                                             |    <0.001 |
|                 gen_cdc_pntr.wpr_gray_reg                                                             |    <0.001 |
|                 gen_cdc_pntr.wpr_gray_reg_dc                                                          |    <0.001 |
|                 gen_cdc_pntr.wr_pntr_cdc_dc_inst                                                      |    <0.001 |
|                 gen_cdc_pntr.wr_pntr_cdc_inst                                                         |    <0.001 |
|                 gen_fwft.rdpp1_inst                                                                   |    <0.001 |
|                 gen_sdpram.xpm_memory_base_inst                                                       |    <0.001 |
|                 rdp_inst                                                                              |    <0.001 |
|                 rdpp1_inst                                                                            |    <0.001 |
|                 rst_d1_inst                                                                           |    <0.001 |
|                 wrp_inst                                                                              |    <0.001 |
|                 wrpp1_inst                                                                            |    <0.001 |
|                 wrpp2_inst                                                                            |    <0.001 |
|                 xpm_fifo_rst_inst                                                                     |    <0.001 |
|                   gen_rst_ic.rrst_wr_inst                                                             |    <0.001 |
|                   gen_rst_ic.wrst_rd_inst                                                             |    <0.001 |
|         FORMATTER_INST                                                                                |    <0.001 |
|         SYNC_INST                                                                                     |    <0.001 |
|     v_tc_0                                                                                            |    <0.001 |
|       U0                                                                                              |    <0.001 |
|         U_TC_TOP                                                                                      |    <0.001 |
|           GEN_GENERATOR.U_TC_GEN                                                                      |    <0.001 |
|         U_VIDEO_CTRL                                                                                  |     0.000 |
|     v_vid_in_axi4s_0                                                                                  |     0.002 |
|       inst                                                                                            |     0.002 |
|         COUPLER_INST                                                                                  |     0.002 |
|           generate_async_fifo.FIFO_INST                                                               |     0.002 |
|             XPM_FIFO_ASYNC_INST                                                                       |     0.002 |
|               gnuram_async_fifo.xpm_fifo_base_inst                                                    |     0.002 |
|                 gen_cdc_pntr.rd_pntr_cdc_inst                                                         |    <0.001 |
|                 gen_cdc_pntr.rpw_gray_reg                                                             |    <0.001 |
|                 gen_cdc_pntr.wpr_gray_reg                                                             |    <0.001 |
|                 gen_cdc_pntr.wr_pntr_cdc_inst                                                         |    <0.001 |
|                 gen_sdpram.xpm_memory_base_inst                                                       |    <0.001 |
|                 rdp_inst                                                                              |    <0.001 |
|                 rdpp1_inst                                                                            |    <0.001 |
|                 rst_d1_inst                                                                           |    <0.001 |
|                 wrp_inst                                                                              |    <0.001 |
|                 wrpp1_inst                                                                            |    <0.001 |
|                 wrpp2_inst                                                                            |    <0.001 |
|                 xpm_fifo_rst_inst                                                                     |    <0.001 |
|                   gen_rst_ic.rrst_wr_inst                                                             |    <0.001 |
|                   gen_rst_ic.wrst_rd_inst                                                             |    <0.001 |
|         FORMATTER_INST                                                                                |    <0.001 |
+-------------------------------------------------------------------------------------------------------+-----------+


